# JRE version: OpenJDK Runtime Environment (17.0.9) (build 17.0.9+0--11185874)
# Java VM: OpenJDK 64-Bit Server VM (17.0.9+0--11185874, mixed mode, tiered, compressed oops, compressed class ptrs, g1 gc, windows-amd64)
GC Precious Log:
 CPUs: 8 total, 8 available
 Memory: 8001M
 Large Page Support: Disabled
 NUMA Support: Disabled
 Compressed Oops: Enabled (32-bit)
 Heap Region Size: 1M
 Heap Min Capacity: 8M
 Heap Initial Capacity: 126M
 Heap Max Capacity: 2G
 Pre-touch: Disabled
 Parallel Workers: 8
 Concurrent Workers: 2
 Concurrent Refinement Workers: 8
 Periodic GC: Disabled
Heap:
 garbage-first heap   total 275456K, used 121457K [0x0000000080000000, 0x0000000100000000)
  region size 1024K, 11 young (11264K), 11 survivors (11264K)
 Metaspace       used 103219K, committed 104064K, reserved 1179648K
  class space    used 14004K, committed 14400K, reserved 1048576K
GC Heap History (20 events):
Event: 19.310 GC heap after
{Heap after GC invocations=38 (full 0):
 garbage-first heap   total 157696K, used 87770K [0x0000000080000000, 0x0000000100000000)
  region size 1024K, 8 young (8192K), 8 survivors (8192K)
 Metaspace       used 92020K, committed 92800K, reserved 1179648K
  class space    used 12629K, committed 12992K, reserved 1048576K
}
Event: 19.853 GC heap before
{Heap before GC invocations=38 (full 0):
 garbage-first heap   total 157696K, used 124634K [0x0000000080000000, 0x0000000100000000)
  region size 1024K, 45 young (46080K), 8 survivors (8192K)
 Metaspace       used 93168K, committed 93952K, reserved 1179648K
  class space    used 12766K, committed 13120K, reserved 1048576K
}
Event: 19.867 GC heap after
{Heap after GC invocations=39 (full 0):
 garbage-first heap   total 157696K, used 101965K [0x0000000080000000, 0x0000000100000000)
  region size 1024K, 6 young (6144K), 6 survivors (6144K)
 Metaspace       used 93168K, committed 93952K, reserved 1179648K
  class space    used 12766K, committed 13120K, reserved 1048576K
}
Event: 19.996 GC heap before
{Heap before GC invocations=39 (full 0):
 garbage-first heap   total 157696K, used 115277K [0x0000000080000000, 0x0000000100000000)
  region size 1024K, 14 young (14336K), 6 survivors (6144K)
 Metaspace       used 93185K, committed 93952K, reserved 1179648K
  class space    used 12767K, committed 13120K, reserved 1048576K
}
Event: 20.006 GC heap after
{Heap after GC invocations=40 (full 0):
 garbage-first heap   total 157696K, used 112979K [0x0000000080000000, 0x0000000100000000)
  region size 1024K, 4 young (4096K), 4 survivors (4096K)
 Metaspace       used 93185K, committed 93952K, reserved 1179648K
  class space    used 12767K, committed 13120K, reserved 1048576K
}
Event: 20.012 GC heap before
{Heap before GC invocations=40 (full 0):
 garbage-first heap   total 157696K, used 121171K [0x0000000080000000, 0x0000000100000000)
  region size 1024K, 5 young (5120K), 4 survivors (4096K)
 Metaspace       used 93185K, committed 93952K, reserved 1179648K
  class space    used 12767K, committed 13120K, reserved 1048576K
}
Event: 20.017 GC heap after
{Heap after GC invocations=41 (full 0):
 garbage-first heap   total 275456K, used 117735K [0x0000000080000000, 0x0000000100000000)
  region size 1024K, 1 young (1024K), 1 survivors (1024K)
 Metaspace       used 93185K, committed 93952K, reserved 1179648K
  class space    used 12767K, committed 13120K, reserved 1048576K
}
Event: 20.042 GC heap before
{Heap before GC invocations=41 (full 0):
 garbage-first heap   total 275456K, used 123879K [0x0000000080000000, 0x0000000100000000)
  region size 1024K, 2 young (2048K), 1 survivors (1024K)
 Metaspace       used 93208K, committed 94016K, reserved 1179648K
  class space    used 12771K, committed 13120K, reserved 1048576K
}
Event: 20.044 GC heap after
{Heap after GC invocations=42 (full 0):
 garbage-first heap   total 275456K, used 121888K [0x0000000080000000, 0x0000000100000000)
  region size 1024K, 1 young (1024K), 1 survivors (1024K)
 Metaspace       used 93208K, committed 94016K, reserved 1179648K
  class space    used 12771K, committed 13120K, reserved 1048576K
}
Event: 21.537 GC heap before
{Heap before GC invocations=43 (full 0):
 garbage-first heap   total 275456K, used 185376K [0x0000000080000000, 0x0000000100000000)
  region size 1024K, 68 young (69632K), 1 survivors (1024K)
 Metaspace       used 96247K, committed 96960K, reserved 1179648K
  class space    used 13109K, committed 13440K, reserved 1048576K
}
Event: 21.578 GC heap after
{Heap after GC invocations=44 (full 0):
 garbage-first heap   total 275456K, used 113011K [0x0000000080000000, 0x0000000100000000)
  region size 1024K, 4 young (4096K), 4 survivors (4096K)
 Metaspace       used 96247K, committed 96960K, reserved 1179648K
  class space    used 13109K, committed 13440K, reserved 1048576K
}
Event: 21.714 GC heap before
{Heap before GC invocations=44 (full 0):
 garbage-first heap   total 275456K, used 121203K [0x0000000080000000, 0x0000000100000000)
  region size 1024K, 13 young (13312K), 4 survivors (4096K)
 Metaspace       used 96247K, committed 96960K, reserved 1179648K
  class space    used 13109K, committed 13440K, reserved 1048576K
}
Event: 21.720 GC heap after
{Heap after GC invocations=45 (full 0):
 garbage-first heap   total 275456K, used 112283K [0x0000000080000000, 0x0000000100000000)
  region size 1024K, 1 young (1024K), 1 survivors (1024K)
 Metaspace       used 96247K, committed 96960K, reserved 1179648K
  class space    used 13109K, committed 13440K, reserved 1048576K
}
Event: 23.375 GC heap before
{Heap before GC invocations=45 (full 0):
 garbage-first heap   total 275456K, used 200347K [0x0000000080000000, 0x0000000100000000)
  region size 1024K, 88 young (90112K), 1 survivors (1024K)
 Metaspace       used 100493K, committed 101248K, reserved 1179648K
  class space    used 13678K, committed 14016K, reserved 1048576K
}
Event: 23.384 GC heap after
{Heap after GC invocations=46 (full 0):
 garbage-first heap   total 275456K, used 117211K [0x0000000080000000, 0x0000000100000000)
  region size 1024K, 6 young (6144K), 6 survivors (6144K)
 Metaspace       used 100493K, committed 101248K, reserved 1179648K
  class space    used 13678K, committed 14016K, reserved 1048576K
}
Event: 27.517 GC heap before
{Heap before GC invocations=47 (full 0):
 garbage-first heap   total 275456K, used 191963K [0x0000000080000000, 0x0000000100000000)
  region size 1024K, 92 young (94208K), 6 survivors (6144K)
 Metaspace       used 101339K, committed 102208K, reserved 1179648K
  class space    used 13785K, committed 14208K, reserved 1048576K
}
Event: 27.539 GC heap after
{Heap after GC invocations=48 (full 0):
 garbage-first heap   total 275456K, used 115023K [0x0000000080000000, 0x0000000100000000)
  region size 1024K, 12 young (12288K), 12 survivors (12288K)
 Metaspace       used 101339K, committed 102208K, reserved 1179648K
  class space    used 13785K, committed 14208K, reserved 1048576K
}
Event: 27.545 GC heap before
{Heap before GC invocations=48 (full 0):
 garbage-first heap   total 275456K, used 116047K [0x0000000080000000, 0x0000000100000000)
  region size 1024K, 13 young (13312K), 12 survivors (12288K)
 Metaspace       used 101347K, committed 102208K, reserved 1179648K
  class space    used 13785K, committed 14208K, reserved 1048576K
}
Event: 27.555 GC heap after
{Heap after GC invocations=49 (full 0):
 garbage-first heap   total 275456K, used 112955K [0x0000000080000000, 0x0000000100000000)
  region size 1024K, 2 young (2048K), 2 survivors (2048K)
 Metaspace       used 101347K, committed 102208K, reserved 1179648K
  class space    used 13785K, committed 14208K, reserved 1048576K
}
Event: 28.357 GC heap before
{Heap before GC invocations=49 (full 0):
 garbage-first heap   total 275456K, used 205115K [0x0000000080000000, 0x0000000100000000)
  region size 1024K, 93 young (95232K), 2 survivors (2048K)
 Metaspace       used 103219K, committed 104064K, reserved 1179648K
  class space    used 14004K, committed 14400K, reserved 1048576K
}

