# JRE version: OpenJDK Runtime Environment (17.0.9) (build 17.0.9+0--11185874)
# Java VM: OpenJDK 64-Bit Server VM (17.0.9+0--11185874, mixed mode, tiered, compressed oops, compressed class ptrs, g1 gc, windows-amd64)
GC Precious Log:
 CPUs: 8 total, 8 available
 Memory: 8001M
 Large Page Support: Disabled
 NUMA Support: Disabled
 Compressed Oops: Enabled (32-bit)
 Heap Region Size: 1M
 Heap Min Capacity: 8M
 Heap Initial Capacity: 126M
 Heap Max Capacity: 2G
 Pre-touch: Disabled
 Parallel Workers: 8
 Concurrent Workers: 2
 Concurrent Refinement Workers: 8
 Periodic GC: Disabled
Heap:
 garbage-first heap   total 285696K, used 132082K [0x0000000080000000, 0x0000000100000000)
  region size 1024K, 2 young (2048K), 2 survivors (2048K)
 Metaspace       used 139155K, committed 140224K, reserved 1179648K
  class space    used 18962K, committed 19520K, reserved 1048576K
GC Heap History (20 events):
Event: 36.291 GC heap after
{Heap after GC invocations=58 (full 0):
 garbage-first heap   total 240640K, used 138679K [0x0000000080000000, 0x0000000100000000)
  region size 1024K, 3 young (3072K), 3 survivors (3072K)
 Metaspace       used 124131K, committed 124928K, reserved 1179648K
  class space    used 16728K, committed 17088K, reserved 1048576K
}
Event: 37.022 GC heap before
{Heap before GC invocations=58 (full 0):
 garbage-first heap   total 240640K, used 194999K [0x0000000080000000, 0x0000000100000000)
  region size 1024K, 59 young (60416K), 3 survivors (3072K)
 Metaspace       used 131760K, committed 132608K, reserved 1179648K
  class space    used 17988K, committed 18368K, reserved 1048576K
}
Event: 37.026 GC heap after
{Heap after GC invocations=59 (full 0):
 garbage-first heap   total 240640K, used 140321K [0x0000000080000000, 0x0000000100000000)
  region size 1024K, 4 young (4096K), 4 survivors (4096K)
 Metaspace       used 131760K, committed 132608K, reserved 1179648K
  class space    used 17988K, committed 18368K, reserved 1048576K
}
Event: 38.515 GC heap before
{Heap before GC invocations=59 (full 0):
 garbage-first heap   total 240640K, used 206881K [0x0000000080000000, 0x0000000100000000)
  region size 1024K, 57 young (58368K), 4 survivors (4096K)
 Metaspace       used 136627K, committed 137536K, reserved 1179648K
  class space    used 18774K, committed 19200K, reserved 1048576K
}
Event: 38.522 GC heap after
{Heap after GC invocations=60 (full 0):
 garbage-first heap   total 240640K, used 151859K [0x0000000080000000, 0x0000000100000000)
  region size 1024K, 5 young (5120K), 5 survivors (5120K)
 Metaspace       used 136627K, committed 137536K, reserved 1179648K
  class space    used 18774K, committed 19200K, reserved 1048576K
}
Event: 38.535 GC heap before
{Heap before GC invocations=60 (full 0):
 garbage-first heap   total 240640K, used 162099K [0x0000000080000000, 0x0000000100000000)
  region size 1024K, 6 young (6144K), 5 survivors (5120K)
 Metaspace       used 136627K, committed 137536K, reserved 1179648K
  class space    used 18774K, committed 19200K, reserved 1048576K
}
Event: 38.542 GC heap after
{Heap after GC invocations=61 (full 0):
 garbage-first heap   total 240640K, used 156124K [0x0000000080000000, 0x0000000100000000)
  region size 1024K, 4 young (4096K), 4 survivors (4096K)
 Metaspace       used 136627K, committed 137536K, reserved 1179648K
  class space    used 18774K, committed 19200K, reserved 1048576K
}
Event: 38.543 GC heap before
{Heap before GC invocations=61 (full 0):
 garbage-first heap   total 240640K, used 158172K [0x0000000080000000, 0x0000000100000000)
  region size 1024K, 5 young (5120K), 4 survivors (4096K)
 Metaspace       used 136627K, committed 137536K, reserved 1179648K
  class space    used 18774K, committed 19200K, reserved 1048576K
}
Event: 38.549 GC heap after
{Heap after GC invocations=62 (full 0):
 garbage-first heap   total 240640K, used 158045K [0x0000000080000000, 0x0000000100000000)
  region size 1024K, 4 young (4096K), 4 survivors (4096K)
 Metaspace       used 136627K, committed 137536K, reserved 1179648K
  class space    used 18774K, committed 19200K, reserved 1048576K
}
Event: 989.749 GC heap before
{Heap before GC invocations=63 (full 0):
 garbage-first heap   total 285696K, used 212317K [0x0000000080000000, 0x0000000100000000)
  region size 1024K, 49 young (50176K), 4 survivors (4096K)
 Metaspace       used 138431K, committed 139392K, reserved 1179648K
  class space    used 19010K, committed 19456K, reserved 1048576K
}
Event: 989.799 GC heap after
{Heap after GC invocations=64 (full 0):
 garbage-first heap   total 285696K, used 142663K [0x0000000080000000, 0x0000000100000000)
  region size 1024K, 5 young (5120K), 5 survivors (5120K)
 Metaspace       used 138431K, committed 139392K, reserved 1179648K
  class space    used 19010K, committed 19456K, reserved 1048576K
}
Event: 990.455 GC heap before
{Heap before GC invocations=64 (full 0):
 garbage-first heap   total 285696K, used 150855K [0x0000000080000000, 0x0000000100000000)
  region size 1024K, 13 young (13312K), 5 survivors (5120K)
 Metaspace       used 138480K, committed 139392K, reserved 1179648K
  class space    used 19010K, committed 19456K, reserved 1048576K
}
Event: 990.483 GC heap after
{Heap after GC invocations=65 (full 0):
 garbage-first heap   total 285696K, used 126690K [0x0000000080000000, 0x0000000100000000)
  region size 1024K, 2 young (2048K), 2 survivors (2048K)
 Metaspace       used 138480K, committed 139392K, reserved 1179648K
  class space    used 19010K, committed 19456K, reserved 1048576K
}
Event: 3129.117 GC heap before
{Heap before GC invocations=65 (full 0):
 garbage-first heap   total 285696K, used 240354K [0x0000000080000000, 0x0000000100000000)
  region size 1024K, 114 young (116736K), 2 survivors (2048K)
 Metaspace       used 139151K, committed 140160K, reserved 1179648K
  class space    used 19037K, committed 19520K, reserved 1048576K
}
Event: 3129.266 GC heap after
{Heap after GC invocations=66 (full 0):
 garbage-first heap   total 285696K, used 133454K [0x0000000080000000, 0x0000000100000000)
  region size 1024K, 9 young (9216K), 9 survivors (9216K)
 Metaspace       used 139151K, committed 140160K, reserved 1179648K
  class space    used 19037K, committed 19520K, reserved 1048576K
}
Event: 3134.067 GC heap before
{Heap before GC invocations=67 (full 0):
 garbage-first heap   total 285696K, used 233806K [0x0000000080000000, 0x0000000100000000)
  region size 1024K, 110 young (112640K), 9 survivors (9216K)
 Metaspace       used 139147K, committed 140224K, reserved 1179648K
  class space    used 18962K, committed 19520K, reserved 1048576K
}
Event: 3134.163 GC heap after
{Heap after GC invocations=68 (full 0):
 garbage-first heap   total 285696K, used 148202K [0x0000000080000000, 0x0000000100000000)
  region size 1024K, 14 young (14336K), 14 survivors (14336K)
 Metaspace       used 139147K, committed 140224K, reserved 1179648K
  class space    used 18962K, committed 19520K, reserved 1048576K
}
Event: 3134.224 GC heap before
{Heap before GC invocations=68 (full 0):
 garbage-first heap   total 285696K, used 149226K [0x0000000080000000, 0x0000000100000000)
  region size 1024K, 15 young (15360K), 14 survivors (14336K)
 Metaspace       used 139148K, committed 140224K, reserved 1179648K
  class space    used 18962K, committed 19520K, reserved 1048576K
}
Event: 3134.314 GC heap after
{Heap after GC invocations=69 (full 0):
 garbage-first heap   total 285696K, used 131787K [0x0000000080000000, 0x0000000100000000)
  region size 1024K, 2 young (2048K), 2 survivors (2048K)
 Metaspace       used 139148K, committed 140224K, reserved 1179648K
  class space    used 18962K, committed 19520K, reserved 1048576K
}
Event: 3134.709 GC heap before
{Heap before GC invocations=69 (full 0):
 garbage-first heap   total 285696K, used 142027K [0x0000000080000000, 0x0000000100000000)
  region size 1024K, 13 young (13312K), 2 survivors (2048K)
 Metaspace       used 139155K, committed 140224K, reserved 1179648K
  class space    used 18962K, committed 19520K, reserved 1048576K
}

