# JRE version: OpenJDK Runtime Environment (17.0.9) (build 17.0.9+0--11185874)
# Java VM: OpenJDK 64-Bit Server VM (17.0.9+0--11185874, mixed mode, tiered, compressed oops, compressed class ptrs, g1 gc, windows-amd64)
GC Precious Log:
 CPUs: 8 total, 8 available
 Memory: 8001M
 Large Page Support: Disabled
 NUMA Support: Disabled
 Compressed Oops: Enabled (32-bit)
 Heap Region Size: 1M
 Heap Min Capacity: 8M
 Heap Initial Capacity: 126M
 Heap Max Capacity: 2G
 Pre-touch: Disabled
 Parallel Workers: 8
 Concurrent Workers: 2
 Concurrent Refinement Workers: 8
 Periodic GC: Disabled
Heap:
 garbage-first heap   total 362496K, used 142204K [0x0000000080000000, 0x0000000100000000)
  region size 1024K, 3 young (3072K), 3 survivors (3072K)
 Metaspace       used 132916K, committed 134016K, reserved 1179648K
  class space    used 18425K, committed 18944K, reserved 1048576K
GC Heap History (20 events):
Event: 312.766 GC heap after
{Heap after GC invocations=66 (full 0):
 garbage-first heap   total 280576K, used 166733K [0x0000000080000000, 0x0000000100000000)
  region size 1024K, 6 young (6144K), 6 survivors (6144K)
 Metaspace       used 131048K, committed 131968K, reserved 1179648K
  class space    used 18334K, committed 18752K, reserved 1048576K
}
Event: 312.918 GC heap before
{Heap before GC invocations=66 (full 0):
 garbage-first heap   total 280576K, used 173901K [0x0000000080000000, 0x0000000100000000)
  region size 1024K, 13 young (13312K), 6 survivors (6144K)
 Metaspace       used 131357K, committed 132352K, reserved 1179648K
  class space    used 18356K, committed 18816K, reserved 1048576K
}
Event: 312.945 GC heap after
{Heap after GC invocations=67 (full 0):
 garbage-first heap   total 280576K, used 155831K [0x0000000080000000, 0x0000000100000000)
  region size 1024K, 2 young (2048K), 2 survivors (2048K)
 Metaspace       used 131357K, committed 132352K, reserved 1179648K
  class space    used 18356K, committed 18816K, reserved 1048576K
}
Event: 315.370 GC heap before
{Heap before GC invocations=67 (full 0):
 garbage-first heap   total 280576K, used 242871K [0x0000000080000000, 0x0000000100000000)
  region size 1024K, 53 young (54272K), 2 survivors (2048K)
 Metaspace       used 131874K, committed 132800K, reserved 1179648K
  class space    used 18371K, committed 18816K, reserved 1048576K
}
Event: 315.379 GC heap after
{Heap after GC invocations=68 (full 0):
 garbage-first heap   total 280576K, used 158478K [0x0000000080000000, 0x0000000100000000)
  region size 1024K, 5 young (5120K), 5 survivors (5120K)
 Metaspace       used 131874K, committed 132800K, reserved 1179648K
  class space    used 18371K, committed 18816K, reserved 1048576K
}
Event: 371.005 GC heap before
{Heap before GC invocations=68 (full 0):
 garbage-first heap   total 280576K, used 211726K [0x0000000080000000, 0x0000000100000000)
  region size 1024K, 58 young (59392K), 5 survivors (5120K)
 Metaspace       used 132159K, committed 133120K, reserved 1179648K
  class space    used 18383K, committed 18816K, reserved 1048576K
}
Event: 371.016 GC heap after
{Heap after GC invocations=69 (full 0):
 garbage-first heap   total 280576K, used 165260K [0x0000000080000000, 0x0000000100000000)
  region size 1024K, 8 young (8192K), 8 survivors (8192K)
 Metaspace       used 132159K, committed 133120K, reserved 1179648K
  class space    used 18383K, committed 18816K, reserved 1048576K
}
Event: 372.964 GC heap before
{Heap before GC invocations=69 (full 0):
 garbage-first heap   total 280576K, used 219532K [0x0000000080000000, 0x0000000100000000)
  region size 1024K, 60 young (61440K), 8 survivors (8192K)
 Metaspace       used 132334K, committed 133376K, reserved 1179648K
  class space    used 18406K, committed 18880K, reserved 1048576K
}
Event: 372.984 GC heap after
{Heap after GC invocations=70 (full 0):
 garbage-first heap   total 280576K, used 179828K [0x0000000080000000, 0x0000000100000000)
  region size 1024K, 8 young (8192K), 8 survivors (8192K)
 Metaspace       used 132334K, committed 133376K, reserved 1179648K
  class space    used 18406K, committed 18880K, reserved 1048576K
}
Event: 374.020 GC heap before
{Heap before GC invocations=70 (full 0):
 garbage-first heap   total 280576K, used 223860K [0x0000000080000000, 0x0000000100000000)
  region size 1024K, 51 young (52224K), 8 survivors (8192K)
 Metaspace       used 132735K, committed 133760K, reserved 1179648K
  class space    used 18434K, committed 18880K, reserved 1048576K
}
Event: 374.040 GC heap after
{Heap after GC invocations=71 (full 0):
 garbage-first heap   total 280576K, used 183980K [0x0000000080000000, 0x0000000100000000)
  region size 1024K, 7 young (7168K), 7 survivors (7168K)
 Metaspace       used 132735K, committed 133760K, reserved 1179648K
  class space    used 18434K, committed 18880K, reserved 1048576K
}
Event: 374.851 GC heap before
{Heap before GC invocations=71 (full 0):
 garbage-first heap   total 280576K, used 211628K [0x0000000080000000, 0x0000000100000000)
  region size 1024K, 30 young (30720K), 7 survivors (7168K)
 Metaspace       used 133006K, committed 134080K, reserved 1179648K
  class space    used 18441K, committed 18944K, reserved 1048576K
}
Event: 374.863 GC heap after
{Heap after GC invocations=72 (full 0):
 garbage-first heap   total 280576K, used 191838K [0x0000000080000000, 0x0000000100000000)
  region size 1024K, 2 young (2048K), 2 survivors (2048K)
 Metaspace       used 133006K, committed 134080K, reserved 1179648K
  class space    used 18441K, committed 18944K, reserved 1048576K
}
Event: 657.291 GC heap before
{Heap before GC invocations=73 (full 0):
 garbage-first heap   total 362496K, used 249182K [0x0000000080000000, 0x0000000100000000)
  region size 1024K, 36 young (36864K), 2 survivors (2048K)
 Metaspace       used 132599K, committed 133824K, reserved 1179648K
  class space    used 18395K, committed 18944K, reserved 1048576K
}
Event: 657.318 GC heap after
{Heap after GC invocations=74 (full 0):
 garbage-first heap   total 362496K, used 180155K [0x0000000080000000, 0x0000000100000000)
  region size 1024K, 4 young (4096K), 4 survivors (4096K)
 Metaspace       used 132599K, committed 133824K, reserved 1179648K
  class space    used 18395K, committed 18944K, reserved 1048576K
}
Event: 657.768 GC heap before
{Heap before GC invocations=74 (full 0):
 garbage-first heap   total 362496K, used 192442K [0x0000000080000000, 0x0000000100000000)
  region size 1024K, 17 young (17408K), 4 survivors (4096K)
 Metaspace       used 132695K, committed 133824K, reserved 1179648K
  class space    used 18396K, committed 18944K, reserved 1048576K
}
Event: 657.787 GC heap after
{Heap after GC invocations=75 (full 0):
 garbage-first heap   total 362496K, used 143603K [0x0000000080000000, 0x0000000100000000)
  region size 1024K, 3 young (3072K), 3 survivors (3072K)
 Metaspace       used 132695K, committed 133824K, reserved 1179648K
  class space    used 18396K, committed 18944K, reserved 1048576K
}
Event: 658.338 GC heap before
{Heap before GC invocations=75 (full 0):
 garbage-first heap   total 362496K, used 156915K [0x0000000080000000, 0x0000000100000000)
  region size 1024K, 17 young (17408K), 3 survivors (3072K)
 Metaspace       used 132706K, committed 133824K, reserved 1179648K
  class space    used 18396K, committed 18944K, reserved 1048576K
}
Event: 658.377 GC heap after
{Heap after GC invocations=76 (full 0):
 garbage-first heap   total 362496K, used 141950K [0x0000000080000000, 0x0000000100000000)
  region size 1024K, 2 young (2048K), 2 survivors (2048K)
 Metaspace       used 132706K, committed 133824K, reserved 1179648K
  class space    used 18396K, committed 18944K, reserved 1048576K
}
Event: 658.750 GC heap before
{Heap before GC invocations=76 (full 0):
 garbage-first heap   total 362496K, used 147070K [0x0000000080000000, 0x0000000100000000)
  region size 1024K, 8 young (8192K), 2 survivors (2048K)
 Metaspace       used 132916K, committed 134016K, reserved 1179648K
  class space    used 18425K, committed 18944K, reserved 1048576K
}

